<!DOCTYPE html PUBLIC "-//W3C//DTD XHTML 1.1//EN" "https://www.w3.org/TR/xhtml11/DTD/xhtml11.dtd">
<html xmlns="https://www.w3.org/1999/xhtml">
<head>
<meta http-equiv="content-type" content="text/html; charset=UTF-8"/>
<title>TestNG Report</title>
<style type="text/css">table {margin-bottom:10px;border-collapse:collapse;empty-cells:show}th,td {border:1px solid #009;padding:.25em .5em}th {vertical-align:bottom}td {vertical-align:top}table a {font-weight:bold}.stripe td {background-color: #E6EBF9}.num {text-align:right}.passedodd td {background-color: #3F3}.passedeven td {background-color: #0A0}.skippedodd td {background-color: #DDD}.skippedeven td {background-color: #CCC}.failedodd td,.attn {background-color: #F33}.failedeven td,.stripe .attn {background-color: #D00}.stacktrace {white-space:pre;font-family:monospace}.totop {font-size:85%;text-align:center;border-bottom:2px solid #000}.invisible {display:none}</style>
</head>
<body>
<table>
<tr><th>Test</th><th># Passed</th><th># Skipped</th><th># Retried</th><th># Failed</th><th>Time (ms)</th><th>Included Groups</th><th>Excluded Groups</th></tr>
<tr><th colspan="8">Pet Suite</th></tr>
<tr><td><a href="#t0">Test</a></td><td class="num">5</td><td class="num">0</td><td class="num">0</td><td class="num attn">9</td><td class="num">11,815</td><td></td><td></td></tr>
</table>
<table id='summary'><thead><tr><th>Class</th><th>Method</th><th>Start</th><th>Time (ms)</th></tr></thead><tbody><tr><th colspan="4">Pet Suite</th></tr></tbody><tbody id="t0"><tr><th colspan="4">Test &#8212; failed</th></tr><tr class="failedeven"><td rowspan="3">api.tests.DDTests</td><td><a href="#m0">testGetUserByName</a></td><td rowspan="3">1679860825355</td><td rowspan="3">438</td></tr><tr class="failedeven"><td><a href="#m1">testGetUserByName</a></td></tr><tr class="failedeven"><td><a href="#m2">testGetUserByName</a></td></tr><tr class="failedodd"><td rowspan="3">api.tests.TestsUsingProps</td><td><a href="#m3">testDeleteUserByName</a></td><td rowspan="1">1679860831036</td><td rowspan="1">148</td></tr><tr class="failedodd"><td><a href="#m4">testGetUserByName</a></td><td rowspan="1">1679860830003</td><td rowspan="1">461</td></tr><tr class="failedodd"><td><a href="#m5">testUpdateUserByName</a></td><td rowspan="1">1679860830465</td><td rowspan="1">570</td></tr><tr class="failedeven"><td rowspan="3">api.tests.userTests</td><td><a href="#m6">testDeleteUserByName</a></td><td rowspan="1">1679860828238</td><td rowspan="1">1471</td></tr><tr class="failedeven"><td><a href="#m7">testGetUserByName</a></td><td rowspan="1">1679860827455</td><td rowspan="1">291</td></tr><tr class="failedeven"><td><a href="#m8">testUpdateUserByName</a></td><td rowspan="1">1679860827747</td><td rowspan="1">488</td></tr><tr><th colspan="4">Test &#8212; passed</th></tr><tr class="passedeven"><td rowspan="3">api.tests.DDTests</td><td><a href="#m9">testPostUser</a></td><td rowspan="3">1679860822078</td><td rowspan="3">2616</td></tr><tr class="passedeven"><td><a href="#m10">testPostUser</a></td></tr><tr class="passedeven"><td><a href="#m11">testPostUser</a></td></tr><tr class="passedodd"><td rowspan="1">api.tests.TestsUsingProps</td><td><a href="#m12">testPostUser</a></td><td rowspan="1">1679860829740</td><td rowspan="1">262</td></tr><tr class="passedeven"><td rowspan="1">api.tests.userTests</td><td><a href="#m13">testPostUser</a></td><td rowspan="1">1679860827115</td><td rowspan="1">338</td></tr></tbody>
</table>
<h2>Test</h2><h3 id="m0">api.tests.DDTests#testGetUserByName</h3><table class="result"><tr class="param"><th>Parameter #1</th></tr><tr class="param stripe"><td>testuser1</td></tr><tr><th>Exception</th></tr><tr><td><div class="stacktrace">java.lang.AssertionError: expected [200] but found [404]
	at api.tests.DDTests.testGetUserByName(DDTests.java:41)
	at java.base/java.util.ArrayList.forEach(ArrayList.java:1511)
... Removed 37 stack frames</div></td></tr></table><p class="totop"><a href="#summary">back to summary</a></p>
<h3 id="m1">api.tests.DDTests#testGetUserByName</h3><table class="result"><tr class="param"><th>Parameter #1</th></tr><tr class="param stripe"><td>testuser3</td></tr><tr><th>Exception</th></tr><tr><td><div class="stacktrace">java.lang.AssertionError: expected [200] but found [404]
	at api.tests.DDTests.testGetUserByName(DDTests.java:41)
	at java.base/java.util.ArrayList.forEach(ArrayList.java:1511)
... Removed 37 stack frames</div></td></tr></table><p class="totop"><a href="#summary">back to summary</a></p>
<h3 id="m2">api.tests.DDTests#testGetUserByName</h3><table class="result"><tr class="param"><th>Parameter #1</th></tr><tr class="param stripe"><td>testuser2</td></tr><tr><th>Exception</th></tr><tr><td><div class="stacktrace">java.lang.AssertionError: expected [200] but found [404]
	at api.tests.DDTests.testGetUserByName(DDTests.java:41)
	at java.base/java.util.ArrayList.forEach(ArrayList.java:1511)
... Removed 37 stack frames</div></td></tr></table><p class="totop"><a href="#summary">back to summary</a></p>
<h3 id="m3">api.tests.TestsUsingProps#testDeleteUserByName</h3><table class="result"><tr><th>Exception</th></tr><tr><td><div class="stacktrace">java.lang.AssertionError: expected [200] but found [404]
	at api.tests.TestsUsingProps.testDeleteUserByName(TestsUsingProps.java:90)
	at java.base/java.util.ArrayList.forEach(ArrayList.java:1511)
... Removed 37 stack frames</div></td></tr></table><p class="totop"><a href="#summary">back to summary</a></p>
<h3 id="m4">api.tests.TestsUsingProps#testGetUserByName</h3><table class="result"><tr><th>Exception</th></tr><tr><td><div class="stacktrace">java.lang.AssertionError: expected [200] but found [404]
	at api.tests.TestsUsingProps.testGetUserByName(TestsUsingProps.java:63)
	at java.base/java.util.ArrayList.forEach(ArrayList.java:1511)
... Removed 37 stack frames</div></td></tr></table><p class="totop"><a href="#summary">back to summary</a></p>
<h3 id="m5">api.tests.TestsUsingProps#testUpdateUserByName</h3><table class="result"><tr><th>Exception</th></tr><tr><td><div class="stacktrace">java.lang.AssertionError: expected [200] but found [404]
	at api.tests.TestsUsingProps.testUpdateUserByName(TestsUsingProps.java:81)
	at java.base/java.util.ArrayList.forEach(ArrayList.java:1511)
... Removed 37 stack frames</div></td></tr></table><p class="totop"><a href="#summary">back to summary</a></p>
<h3 id="m6">api.tests.userTests#testDeleteUserByName</h3><table class="result"><tr><th>Exception</th></tr><tr><td><div class="stacktrace">java.lang.AssertionError: expected [200] but found [404]
	at api.tests.userTests.testDeleteUserByName(userTests.java:90)
	at java.base/java.util.ArrayList.forEach(ArrayList.java:1511)
... Removed 37 stack frames</div></td></tr></table><p class="totop"><a href="#summary">back to summary</a></p>
<h3 id="m7">api.tests.userTests#testGetUserByName</h3><table class="result"><tr><th>Exception</th></tr><tr><td><div class="stacktrace">java.lang.AssertionError: expected [200] but found [404]
	at api.tests.userTests.testGetUserByName(userTests.java:63)
	at java.base/java.util.ArrayList.forEach(ArrayList.java:1511)
... Removed 37 stack frames</div></td></tr></table><p class="totop"><a href="#summary">back to summary</a></p>
<h3 id="m8">api.tests.userTests#testUpdateUserByName</h3><table class="result"><tr><th>Exception</th></tr><tr><td><div class="stacktrace">java.lang.AssertionError: expected [200] but found [404]
	at api.tests.userTests.testUpdateUserByName(userTests.java:81)
	at java.base/java.util.ArrayList.forEach(ArrayList.java:1511)
... Removed 37 stack frames</div></td></tr></table><p class="totop"><a href="#summary">back to summary</a></p>
<h3 id="m9">api.tests.DDTests#testPostUser</h3><table class="result"><tr class="param"><th>Parameter #1</th><th>Parameter #2</th><th>Parameter #3</th><th>Parameter #4</th><th>Parameter #5</th><th>Parameter #6</th><th>Parameter #7</th></tr><tr class="param stripe"><td>1010</td><td>testuser1</td><td>John</td><td>Carter</td><td>a@gmail.com</td><td>test@1</td><td>1234567890</td></tr></table><p class="totop"><a href="#summary">back to summary</a></p>
<h3 id="m10">api.tests.DDTests#testPostUser</h3><table class="result"><tr class="param"><th>Parameter #1</th><th>Parameter #2</th><th>Parameter #3</th><th>Parameter #4</th><th>Parameter #5</th><th>Parameter #6</th><th>Parameter #7</th></tr><tr class="param stripe"><td>1020</td><td>testuser2</td><td>Kim</td><td>Kom</td><td>b@gmail.com</td><td>test@2</td><td>1234567890</td></tr></table><p class="totop"><a href="#summary">back to summary</a></p>
<h3 id="m11">api.tests.DDTests#testPostUser</h3><table class="result"><tr class="param"><th>Parameter #1</th><th>Parameter #2</th><th>Parameter #3</th><th>Parameter #4</th><th>Parameter #5</th><th>Parameter #6</th><th>Parameter #7</th></tr><tr class="param stripe"><td>1030</td><td>testuser3</td><td>Smith</td><td>Steve</td><td>c@gmail.com</td><td>test@3</td><td>1234567890</td></tr></table><p class="totop"><a href="#summary">back to summary</a></p>
<h3 id="m12">api.tests.TestsUsingProps#testPostUser</h3><table class="result"><tr><th class="invisible"/></tr></table><p class="totop"><a href="#summary">back to summary</a></p>
<h3 id="m13">api.tests.userTests#testPostUser</h3><table class="result"><tr><th class="invisible"/></tr></table><p class="totop"><a href="#summary">back to summary</a></p>
</body>
</html>
